<?xml version="1.0" encoding="UTF-8"?>
<!-- Generated by org.testng.reporters.JUnitReportReporter -->
<testsuite skipped="0" hostname="DESKTOP-N1ION3R" name="com.qa.testcases.LoginTest" tests="1" failures="0" timestamp="13 Jul 2020 10:24:00 GMT" time="4.698" errors="0">
  <testcase name="loginTest" time="4.698" classname="com.qa.testcases.LoginTest"/>
</testsuite> <!-- com.qa.testcases.LoginTest -->
